{"C:\\Users\\wasadmin\\Downloads\\talent-client\\fix\\ADPproject\\src\\components\\auth\\Login.jsx": {"path":"C:\\Users\\wasadmin\\Downloads\\talent-client\\fix\\ADPproject\\src\\components\\auth\\Login.jsx","statementMap":{"0":{"start":{"line":6,"column":14},"end":{"line":127,"column":1}},"1":{"start":{"line":7,"column":28},"end":{"line":7,"column":40}},"2":{"start":{"line":8,"column":34},"end":{"line":8,"column":46}},"3":{"start":{"line":9,"column":28},"end":{"line":9,"column":40}},"4":{"start":{"line":10,"column":28},"end":{"line":10,"column":49}},"5":{"start":{"line":11,"column":19},"end":{"line":11,"column":32}},"6":{"start":{"line":12,"column":32},"end":{"line":12,"column":41}},"7":{"start":{"line":14,"column":23},"end":{"line":48,"column":3}},"8":{"start":{"line":15,"column":4},"end":{"line":15,"column":27}},"9":{"start":{"line":16,"column":4},"end":{"line":16,"column":17}},"10":{"start":{"line":18,"column":4},"end":{"line":47,"column":5}},"11":{"start":{"line":19,"column":6},"end":{"line":19,"column":25}},"12":{"start":{"line":20,"column":23},"end":{"line":24,"column":8}},"13":{"start":{"line":26,"column":6},"end":{"line":30,"column":7}},"14":{"start":{"line":27,"column":21},"end":{"line":27,"column":42}},"15":{"start":{"line":28,"column":8},"end":{"line":28,"column":49}},"16":{"start":{"line":29,"column":8},"end":{"line":29,"column":15}},"17":{"start":{"line":33,"column":19},"end":{"line":33,"column":40}},"18":{"start":{"line":34,"column":30},"end":{"line":34,"column":34}},"19":{"start":{"line":36,"column":6},"end":{"line":36,"column":22}},"20":{"start":{"line":37,"column":6},"end":{"line":37,"column":20}},"21":{"start":{"line":40,"column":6},"end":{"line":44,"column":7}},"22":{"start":{"line":41,"column":8},"end":{"line":41,"column":35}},"23":{"start":{"line":43,"column":8},"end":{"line":43,"column":29}},"24":{"start":{"line":46,"column":6},"end":{"line":46,"column":36}},"25":{"start":{"line":50,"column":2},"end":{"line":126,"column":4}},"26":{"start":{"line":63,"column":33},"end":{"line":63,"column":57}},"27":{"start":{"line":74,"column":33},"end":{"line":74,"column":60}},"28":{"start":{"line":89,"column":35},"end":{"line":89,"column":59}},"29":{"start":{"line":99,"column":35},"end":{"line":99,"column":59}},"30":{"start":{"line":109,"column":35},"end":{"line":109,"column":59}}},"fnMap":{"0":{"name":"(anonymous_0)","decl":{"start":{"line":6,"column":14},"end":{"line":6,"column":15}},"loc":{"start":{"line":6,"column":20},"end":{"line":127,"column":1}},"line":6},"1":{"name":"(anonymous_1)","decl":{"start":{"line":14,"column":23},"end":{"line":14,"column":24}},"loc":{"start":{"line":14,"column":40},"end":{"line":48,"column":3}},"line":14},"2":{"name":"(anonymous_2)","decl":{"start":{"line":63,"column":26},"end":{"line":63,"column":27}},"loc":{"start":{"line":63,"column":33},"end":{"line":63,"column":57}},"line":63},"3":{"name":"(anonymous_3)","decl":{"start":{"line":74,"column":26},"end":{"line":74,"column":27}},"loc":{"start":{"line":74,"column":33},"end":{"line":74,"column":60}},"line":74},"4":{"name":"(anonymous_4)","decl":{"start":{"line":89,"column":28},"end":{"line":89,"column":29}},"loc":{"start":{"line":89,"column":35},"end":{"line":89,"column":59}},"line":89},"5":{"name":"(anonymous_5)","decl":{"start":{"line":99,"column":28},"end":{"line":99,"column":29}},"loc":{"start":{"line":99,"column":35},"end":{"line":99,"column":59}},"line":99},"6":{"name":"(anonymous_6)","decl":{"start":{"line":109,"column":28},"end":{"line":109,"column":29}},"loc":{"start":{"line":109,"column":35},"end":{"line":109,"column":59}},"line":109}},"branchMap":{"0":{"loc":{"start":{"line":26,"column":6},"end":{"line":30,"column":7}},"type":"if","locations":[{"start":{"line":26,"column":6},"end":{"line":30,"column":7}},{"start":{},"end":{}}],"line":26},"1":{"loc":{"start":{"line":28,"column":17},"end":{"line":28,"column":47}},"type":"binary-expr","locations":[{"start":{"line":28,"column":17},"end":{"line":28,"column":29}},{"start":{"line":28,"column":33},"end":{"line":28,"column":47}}],"line":28},"2":{"loc":{"start":{"line":40,"column":6},"end":{"line":44,"column":7}},"type":"if","locations":[{"start":{"line":40,"column":6},"end":{"line":44,"column":7}},{"start":{"line":42,"column":13},"end":{"line":44,"column":7}}],"line":40},"3":{"loc":{"start":{"line":55,"column":11},"end":{"line":55,"column":59}},"type":"binary-expr","locations":[{"start":{"line":55,"column":11},"end":{"line":55,"column":16}},{"start":{"line":55,"column":20},"end":{"line":55,"column":59}}],"line":55}},"s":{"0":1,"1":11,"2":11,"3":11,"4":11,"5":11,"6":11,"7":11,"8":2,"9":2,"10":2,"11":2,"12":2,"13":2,"14":1,"15":1,"16":1,"17":1,"18":1,"19":1,"20":1,"21":1,"22":0,"23":1,"24":0,"25":11,"26":2,"27":2,"28":0,"29":0,"30":0},"f":{"0":11,"1":2,"2":2,"3":2,"4":0,"5":0,"6":0},"b":{"0":[1,1],"1":[1,0],"2":[0,1],"3":[11,1]},"_coverageSchema":"1a1c01bbd47fc00a2c39e90264f33305004495a9","hash":"1cbe5b943d1c84766b7d24104884e633f654ced2"}
,"C:\\Users\\wasadmin\\Downloads\\talent-client\\fix\\ADPproject\\src\\components\\auth\\Register.jsx": {"path":"C:\\Users\\wasadmin\\Downloads\\talent-client\\fix\\ADPproject\\src\\components\\auth\\Register.jsx","statementMap":{"0":{"start":{"line":5,"column":17},"end":{"line":103,"column":1}},"1":{"start":{"line":6,"column":34},"end":{"line":6,"column":46}},"2":{"start":{"line":7,"column":34},"end":{"line":7,"column":46}},"3":{"start":{"line":8,"column":26},"end":{"line":8,"column":47}},"4":{"start":{"line":9,"column":28},"end":{"line":9,"column":40}},"5":{"start":{"line":10,"column":32},"end":{"line":10,"column":44}},"6":{"start":{"line":11,"column":19},"end":{"line":11,"column":32}},"7":{"start":{"line":13,"column":23},"end":{"line":37,"column":3}},"8":{"start":{"line":14,"column":4},"end":{"line":14,"column":27}},"9":{"start":{"line":15,"column":4},"end":{"line":15,"column":17}},"10":{"start":{"line":16,"column":4},"end":{"line":16,"column":19}},"11":{"start":{"line":18,"column":4},"end":{"line":36,"column":5}},"12":{"start":{"line":19,"column":23},"end":{"line":23,"column":8}},"13":{"start":{"line":25,"column":19},"end":{"line":25,"column":40}},"14":{"start":{"line":27,"column":6},"end":{"line":32,"column":7}},"15":{"start":{"line":28,"column":8},"end":{"line":28,"column":72}},"16":{"start":{"line":29,"column":8},"end":{"line":29,"column":22}},"17":{"start":{"line":31,"column":8},"end":{"line":31,"column":31}},"18":{"start":{"line":34,"column":6},"end":{"line":34,"column":36}},"19":{"start":{"line":35,"column":6},"end":{"line":35,"column":27}},"20":{"start":{"line":39,"column":2},"end":{"line":102,"column":4}},"21":{"start":{"line":53,"column":33},"end":{"line":53,"column":60}},"22":{"start":{"line":64,"column":33},"end":{"line":64,"column":60}},"23":{"start":{"line":79,"column":35},"end":{"line":79,"column":58}},"24":{"start":{"line":89,"column":35},"end":{"line":89,"column":58}}},"fnMap":{"0":{"name":"(anonymous_0)","decl":{"start":{"line":5,"column":17},"end":{"line":5,"column":18}},"loc":{"start":{"line":5,"column":23},"end":{"line":103,"column":1}},"line":5},"1":{"name":"(anonymous_1)","decl":{"start":{"line":13,"column":23},"end":{"line":13,"column":24}},"loc":{"start":{"line":13,"column":40},"end":{"line":37,"column":3}},"line":13},"2":{"name":"(anonymous_2)","decl":{"start":{"line":53,"column":26},"end":{"line":53,"column":27}},"loc":{"start":{"line":53,"column":33},"end":{"line":53,"column":60}},"line":53},"3":{"name":"(anonymous_3)","decl":{"start":{"line":64,"column":26},"end":{"line":64,"column":27}},"loc":{"start":{"line":64,"column":33},"end":{"line":64,"column":60}},"line":64},"4":{"name":"(anonymous_4)","decl":{"start":{"line":79,"column":28},"end":{"line":79,"column":29}},"loc":{"start":{"line":79,"column":35},"end":{"line":79,"column":58}},"line":79},"5":{"name":"(anonymous_5)","decl":{"start":{"line":89,"column":28},"end":{"line":89,"column":29}},"loc":{"start":{"line":89,"column":35},"end":{"line":89,"column":58}},"line":89}},"branchMap":{"0":{"loc":{"start":{"line":27,"column":6},"end":{"line":32,"column":7}},"type":"if","locations":[{"start":{"line":27,"column":6},"end":{"line":32,"column":7}},{"start":{"line":30,"column":13},"end":{"line":32,"column":7}}],"line":27},"1":{"loc":{"start":{"line":44,"column":11},"end":{"line":44,"column":59}},"type":"binary-expr","locations":[{"start":{"line":44,"column":11},"end":{"line":44,"column":16}},{"start":{"line":44,"column":20},"end":{"line":44,"column":59}}],"line":44},"2":{"loc":{"start":{"line":45,"column":11},"end":{"line":45,"column":64}},"type":"binary-expr","locations":[{"start":{"line":45,"column":11},"end":{"line":45,"column":18}},{"start":{"line":45,"column":22},"end":{"line":45,"column":64}}],"line":45}},"s":{"0":1,"1":6,"2":6,"3":6,"4":6,"5":6,"6":6,"7":6,"8":1,"9":1,"10":1,"11":1,"12":1,"13":1,"14":1,"15":0,"16":0,"17":1,"18":0,"19":0,"20":6,"21":1,"22":1,"23":0,"24":0},"f":{"0":6,"1":1,"2":1,"3":1,"4":0,"5":0},"b":{"0":[0,1],"1":[6,1],"2":[6,0]},"_coverageSchema":"1a1c01bbd47fc00a2c39e90264f33305004495a9","hash":"d3c872730c5290b60b7a844c818541e91b10eb08"}
,"C:\\Users\\wasadmin\\Downloads\\talent-client\\fix\\ADPproject\\src\\components\\context\\auth.jsx": {"path":"C:\\Users\\wasadmin\\Downloads\\talent-client\\fix\\ADPproject\\src\\components\\context\\auth.jsx","statementMap":{"0":{"start":{"line":4,"column":20},"end":{"line":9,"column":2}},"1":{"start":{"line":12,"column":28},"end":{"line":38,"column":1}},"2":{"start":{"line":13,"column":28},"end":{"line":13,"column":42}},"3":{"start":{"line":14,"column":26},"end":{"line":14,"column":40}},"4":{"start":{"line":17,"column":3},"end":{"line":23,"column":14}},"5":{"start":{"line":18,"column":4},"end":{"line":22,"column":5}},"6":{"start":{"line":19,"column":6},"end":{"line":19,"column":43}},"7":{"start":{"line":21,"column":6},"end":{"line":21,"column":39}},"8":{"start":{"line":25,"column":2},"end":{"line":31,"column":13}},"9":{"start":{"line":26,"column":4},"end":{"line":30,"column":5}},"10":{"start":{"line":27,"column":6},"end":{"line":27,"column":41}},"11":{"start":{"line":29,"column":6},"end":{"line":29,"column":38}},"12":{"start":{"line":33,"column":2},"end":{"line":37,"column":4}},"13":{"start":{"line":41,"column":23},"end":{"line":43,"column":1}},"14":{"start":{"line":42,"column":2},"end":{"line":42,"column":33}}},"fnMap":{"0":{"name":"(anonymous_0)","decl":{"start":{"line":7,"column":12},"end":{"line":7,"column":13}},"loc":{"start":{"line":7,"column":18},"end":{"line":7,"column":20}},"line":7},"1":{"name":"(anonymous_1)","decl":{"start":{"line":8,"column":11},"end":{"line":8,"column":12}},"loc":{"start":{"line":8,"column":17},"end":{"line":8,"column":19}},"line":8},"2":{"name":"(anonymous_2)","decl":{"start":{"line":12,"column":28},"end":{"line":12,"column":29}},"loc":{"start":{"line":12,"column":46},"end":{"line":38,"column":1}},"line":12},"3":{"name":"(anonymous_3)","decl":{"start":{"line":17,"column":13},"end":{"line":17,"column":14}},"loc":{"start":{"line":17,"column":19},"end":{"line":23,"column":3}},"line":17},"4":{"name":"(anonymous_4)","decl":{"start":{"line":25,"column":12},"end":{"line":25,"column":13}},"loc":{"start":{"line":25,"column":18},"end":{"line":31,"column":3}},"line":25},"5":{"name":"(anonymous_5)","decl":{"start":{"line":41,"column":23},"end":{"line":41,"column":24}},"loc":{"start":{"line":41,"column":29},"end":{"line":43,"column":1}},"line":41}},"branchMap":{"0":{"loc":{"start":{"line":18,"column":4},"end":{"line":22,"column":5}},"type":"if","locations":[{"start":{"line":18,"column":4},"end":{"line":22,"column":5}},{"start":{"line":20,"column":11},"end":{"line":22,"column":5}}],"line":18},"1":{"loc":{"start":{"line":26,"column":4},"end":{"line":30,"column":5}},"type":"if","locations":[{"start":{"line":26,"column":4},"end":{"line":30,"column":5}},{"start":{"line":28,"column":11},"end":{"line":30,"column":5}}],"line":26}},"s":{"0":4,"1":4,"2":6,"3":6,"4":6,"5":6,"6":1,"7":5,"8":6,"9":6,"10":1,"11":5,"12":6,"13":4,"14":11},"f":{"0":0,"1":0,"2":6,"3":6,"4":6,"5":11},"b":{"0":[1,5],"1":[1,5]},"_coverageSchema":"1a1c01bbd47fc00a2c39e90264f33305004495a9","hash":"4e390e5e7dac5e9310b19776c4f1dcd279ecc5b3"}
,"C:\\Users\\wasadmin\\Downloads\\talent-client\\fix\\ADPproject\\src\\components\\hooks\\useGetJobs.jsx": {"path":"C:\\Users\\wasadmin\\Downloads\\talent-client\\fix\\ADPproject\\src\\components\\hooks\\useGetJobs.jsx","statementMap":{"0":{"start":{"line":5,"column":18},"end":{"line":15,"column":1}},"1":{"start":{"line":6,"column":19},"end":{"line":10,"column":4}},"2":{"start":{"line":11,"column":2},"end":{"line":13,"column":3}},"3":{"start":{"line":12,"column":4},"end":{"line":12,"column":44}},"4":{"start":{"line":14,"column":2},"end":{"line":14,"column":23}},"5":{"start":{"line":17,"column":23},"end":{"line":21,"column":1}},"6":{"start":{"line":18,"column":20},"end":{"line":18,"column":29}},"7":{"start":{"line":20,"column":2},"end":{"line":20,"column":50}},"8":{"start":{"line":20,"column":32},"end":{"line":20,"column":48}}},"fnMap":{"0":{"name":"(anonymous_0)","decl":{"start":{"line":5,"column":18},"end":{"line":5,"column":19}},"loc":{"start":{"line":5,"column":35},"end":{"line":15,"column":1}},"line":5},"1":{"name":"(anonymous_1)","decl":{"start":{"line":17,"column":23},"end":{"line":17,"column":24}},"loc":{"start":{"line":17,"column":29},"end":{"line":21,"column":1}},"line":17},"2":{"name":"(anonymous_2)","decl":{"start":{"line":20,"column":26},"end":{"line":20,"column":27}},"loc":{"start":{"line":20,"column":32},"end":{"line":20,"column":48}},"line":20}},"branchMap":{"0":{"loc":{"start":{"line":11,"column":2},"end":{"line":13,"column":3}},"type":"if","locations":[{"start":{"line":11,"column":2},"end":{"line":13,"column":3}},{"start":{},"end":{}}],"line":11}},"s":{"0":1,"1":0,"2":0,"3":0,"4":0,"5":1,"6":0,"7":0,"8":0},"f":{"0":0,"1":0,"2":0},"b":{"0":[0,0]},"_coverageSchema":"1a1c01bbd47fc00a2c39e90264f33305004495a9","hash":"09894d5da91789c2c07e60d375ce95e8e809087d"}
,"C:\\Users\\wasadmin\\Downloads\\talent-client\\fix\\ADPproject\\src\\components\\jobList\\Card.jsx": {"path":"C:\\Users\\wasadmin\\Downloads\\talent-client\\fix\\ADPproject\\src\\components\\jobList\\Card.jsx","statementMap":{"0":{"start":{"line":8,"column":16},"end":{"line":60,"column":1}},"1":{"start":{"line":9,"column":19},"end":{"line":9,"column":32}},"2":{"start":{"line":11,"column":2},"end":{"line":59,"column":4}},"3":{"start":{"line":38,"column":30},"end":{"line":38,"column":83}}},"fnMap":{"0":{"name":"(anonymous_0)","decl":{"start":{"line":8,"column":16},"end":{"line":8,"column":17}},"loc":{"start":{"line":8,"column":29},"end":{"line":60,"column":1}},"line":8},"1":{"name":"(anonymous_1)","decl":{"start":{"line":38,"column":24},"end":{"line":38,"column":25}},"loc":{"start":{"line":38,"column":30},"end":{"line":38,"column":83}},"line":38}},"branchMap":{},"s":{"0":1,"1":4,"2":4,"3":1},"f":{"0":4,"1":1},"b":{},"_coverageSchema":"1a1c01bbd47fc00a2c39e90264f33305004495a9","hash":"eefb4d6c34ce503c8aed731b141c8db550700598"}
,"C:\\Users\\wasadmin\\Downloads\\talent-client\\fix\\ADPproject\\src\\components\\jobList\\JobList.jsx": {"path":"C:\\Users\\wasadmin\\Downloads\\talent-client\\fix\\ADPproject\\src\\components\\jobList\\JobList.jsx","statementMap":{"0":{"start":{"line":8,"column":13},"end":{"line":47,"column":1}},"1":{"start":{"line":9,"column":56},"end":{"line":9,"column":65}},"2":{"start":{"line":10,"column":19},"end":{"line":10,"column":32}},"3":{"start":{"line":12,"column":2},"end":{"line":18,"column":3}},"4":{"start":{"line":13,"column":4},"end":{"line":17,"column":6}},"5":{"start":{"line":20,"column":2},"end":{"line":22,"column":3}},"6":{"start":{"line":21,"column":4},"end":{"line":21,"column":43}},"7":{"start":{"line":24,"column":2},"end":{"line":46,"column":4}},"8":{"start":{"line":42,"column":10},"end":{"line":42,"column":45}}},"fnMap":{"0":{"name":"(anonymous_0)","decl":{"start":{"line":8,"column":13},"end":{"line":8,"column":14}},"loc":{"start":{"line":8,"column":19},"end":{"line":47,"column":1}},"line":8},"1":{"name":"(anonymous_1)","decl":{"start":{"line":41,"column":23},"end":{"line":41,"column":24}},"loc":{"start":{"line":42,"column":10},"end":{"line":42,"column":45}},"line":42}},"branchMap":{"0":{"loc":{"start":{"line":12,"column":2},"end":{"line":18,"column":3}},"type":"if","locations":[{"start":{"line":12,"column":2},"end":{"line":18,"column":3}},{"start":{},"end":{}}],"line":12},"1":{"loc":{"start":{"line":20,"column":2},"end":{"line":22,"column":3}},"type":"if","locations":[{"start":{"line":20,"column":2},"end":{"line":22,"column":3}},{"start":{},"end":{}}],"line":20}},"s":{"0":1,"1":2,"2":2,"3":2,"4":0,"5":2,"6":0,"7":2,"8":4},"f":{"0":2,"1":4},"b":{"0":[0,2],"1":[0,2]},"_coverageSchema":"1a1c01bbd47fc00a2c39e90264f33305004495a9","hash":"ae5ea68a794010deeb0d85d5923da62c3a496e7b"}
,"C:\\Users\\wasadmin\\Downloads\\talent-client\\fix\\ADPproject\\src\\components\\pages\\Profile.jsx": {"path":"C:\\Users\\wasadmin\\Downloads\\talent-client\\fix\\ADPproject\\src\\components\\pages\\Profile.jsx","statementMap":{"0":{"start":{"line":6,"column":16},"end":{"line":172,"column":1}},"1":{"start":{"line":7,"column":36},"end":{"line":7,"column":55}},"2":{"start":{"line":8,"column":34},"end":{"line":8,"column":48}},"3":{"start":{"line":9,"column":42},"end":{"line":9,"column":57}},"4":{"start":{"line":10,"column":28},"end":{"line":10,"column":59}},"5":{"start":{"line":11,"column":32},"end":{"line":11,"column":65}},"6":{"start":{"line":12,"column":32},"end":{"line":12,"column":65}},"7":{"start":{"line":13,"column":32},"end":{"line":13,"column":66}},"8":{"start":{"line":14,"column":39},"end":{"line":14,"column":51}},"9":{"start":{"line":15,"column":48},"end":{"line":15,"column":79}},"10":{"start":{"line":16,"column":32},"end":{"line":16,"column":47}},"11":{"start":{"line":17,"column":22},"end":{"line":17,"column":31}},"12":{"start":{"line":18,"column":20},"end":{"line":18,"column":36}},"13":{"start":{"line":20,"column":4},"end":{"line":48,"column":17}},"14":{"start":{"line":22,"column":12},"end":{"line":45,"column":13}},"15":{"start":{"line":23,"column":33},"end":{"line":27,"column":18}},"16":{"start":{"line":28,"column":16},"end":{"line":28,"column":34}},"17":{"start":{"line":30,"column":34},"end":{"line":30,"column":71}},"18":{"start":{"line":31,"column":29},"end":{"line":31,"column":85}},"19":{"start":{"line":33,"column":28},"end":{"line":33,"column":53}},"20":{"start":{"line":34,"column":16},"end":{"line":34,"column":35}},"21":{"start":{"line":35,"column":16},"end":{"line":40,"column":17}},"22":{"start":{"line":36,"column":20},"end":{"line":36,"column":40}},"23":{"start":{"line":37,"column":20},"end":{"line":37,"column":38}},"24":{"start":{"line":38,"column":20},"end":{"line":38,"column":42}},"25":{"start":{"line":39,"column":20},"end":{"line":39,"column":46}},"26":{"start":{"line":41,"column":16},"end":{"line":41,"column":34}},"27":{"start":{"line":43,"column":16},"end":{"line":43,"column":33}},"28":{"start":{"line":44,"column":16},"end":{"line":44,"column":31}},"29":{"start":{"line":47,"column":8},"end":{"line":47,"column":20}},"30":{"start":{"line":50,"column":32},"end":{"line":77,"column":5}},"31":{"start":{"line":51,"column":8},"end":{"line":51,"column":27}},"32":{"start":{"line":52,"column":25},"end":{"line":52,"column":39}},"33":{"start":{"line":53,"column":8},"end":{"line":53,"column":38}},"34":{"start":{"line":54,"column":8},"end":{"line":54,"column":42}},"35":{"start":{"line":55,"column":8},"end":{"line":55,"column":43}},"36":{"start":{"line":56,"column":8},"end":{"line":56,"column":41}},"37":{"start":{"line":57,"column":8},"end":{"line":59,"column":9}},"38":{"start":{"line":58,"column":12},"end":{"line":58,"column":46}},"39":{"start":{"line":61,"column":25},"end":{"line":67,"column":10}},"40":{"start":{"line":68,"column":8},"end":{"line":76,"column":9}},"41":{"start":{"line":69,"column":12},"end":{"line":69,"column":38}},"42":{"start":{"line":70,"column":12},"end":{"line":72,"column":19}},"43":{"start":{"line":71,"column":16},"end":{"line":71,"column":35}},"44":{"start":{"line":74,"column":30},"end":{"line":74,"column":51}},"45":{"start":{"line":75,"column":12},"end":{"line":75,"column":68}},"46":{"start":{"line":79,"column":31},"end":{"line":89,"column":5}},"47":{"start":{"line":80,"column":21},"end":{"line":80,"column":38}},"48":{"start":{"line":81,"column":8},"end":{"line":88,"column":9}},"49":{"start":{"line":82,"column":12},"end":{"line":82,"column":28}},"50":{"start":{"line":83,"column":12},"end":{"line":83,"column":41}},"51":{"start":{"line":85,"column":12},"end":{"line":85,"column":59}},"52":{"start":{"line":86,"column":12},"end":{"line":86,"column":28}},"53":{"start":{"line":87,"column":12},"end":{"line":87,"column":44}},"54":{"start":{"line":91,"column":4},"end":{"line":93,"column":5}},"55":{"start":{"line":92,"column":8},"end":{"line":92,"column":37}},"56":{"start":{"line":95,"column":4},"end":{"line":171,"column":6}},"57":{"start":{"line":107,"column":53},"end":{"line":107,"column":76}},"58":{"start":{"line":116,"column":53},"end":{"line":116,"column":78}},"59":{"start":{"line":125,"column":53},"end":{"line":125,"column":78}},"60":{"start":{"line":140,"column":95},"end":{"line":140,"column":115}},"61":{"start":{"line":163,"column":81},"end":{"line":163,"column":102}}},"fnMap":{"0":{"name":"(anonymous_0)","decl":{"start":{"line":6,"column":16},"end":{"line":6,"column":17}},"loc":{"start":{"line":6,"column":22},"end":{"line":172,"column":1}},"line":6},"1":{"name":"(anonymous_1)","decl":{"start":{"line":20,"column":14},"end":{"line":20,"column":15}},"loc":{"start":{"line":20,"column":20},"end":{"line":48,"column":5}},"line":20},"2":{"name":"fetchData","decl":{"start":{"line":21,"column":23},"end":{"line":21,"column":32}},"loc":{"start":{"line":21,"column":35},"end":{"line":46,"column":9}},"line":21},"3":{"name":"(anonymous_3)","decl":{"start":{"line":50,"column":32},"end":{"line":50,"column":33}},"loc":{"start":{"line":50,"column":45},"end":{"line":77,"column":5}},"line":50},"4":{"name":"(anonymous_4)","decl":{"start":{"line":70,"column":23},"end":{"line":70,"column":24}},"loc":{"start":{"line":70,"column":29},"end":{"line":72,"column":13}},"line":70},"5":{"name":"(anonymous_5)","decl":{"start":{"line":79,"column":31},"end":{"line":79,"column":32}},"loc":{"start":{"line":79,"column":38},"end":{"line":89,"column":5}},"line":79},"6":{"name":"(anonymous_6)","decl":{"start":{"line":107,"column":46},"end":{"line":107,"column":47}},"loc":{"start":{"line":107,"column":53},"end":{"line":107,"column":76}},"line":107},"7":{"name":"(anonymous_7)","decl":{"start":{"line":116,"column":46},"end":{"line":116,"column":47}},"loc":{"start":{"line":116,"column":53},"end":{"line":116,"column":78}},"line":116},"8":{"name":"(anonymous_8)","decl":{"start":{"line":125,"column":46},"end":{"line":125,"column":47}},"loc":{"start":{"line":125,"column":53},"end":{"line":125,"column":78}},"line":125},"9":{"name":"(anonymous_9)","decl":{"start":{"line":140,"column":89},"end":{"line":140,"column":90}},"loc":{"start":{"line":140,"column":95},"end":{"line":140,"column":115}},"line":140},"10":{"name":"(anonymous_10)","decl":{"start":{"line":163,"column":75},"end":{"line":163,"column":76}},"loc":{"start":{"line":163,"column":81},"end":{"line":163,"column":102}},"line":163}},"branchMap":{"0":{"loc":{"start":{"line":10,"column":37},"end":{"line":10,"column":58}},"type":"binary-expr","locations":[{"start":{"line":10,"column":37},"end":{"line":10,"column":51}},{"start":{"line":10,"column":55},"end":{"line":10,"column":58}}],"line":10},"1":{"loc":{"start":{"line":11,"column":41},"end":{"line":11,"column":64}},"type":"binary-expr","locations":[{"start":{"line":11,"column":41},"end":{"line":11,"column":57}},{"start":{"line":11,"column":61},"end":{"line":11,"column":64}}],"line":11},"2":{"loc":{"start":{"line":12,"column":41},"end":{"line":12,"column":64}},"type":"binary-expr","locations":[{"start":{"line":12,"column":41},"end":{"line":12,"column":57}},{"start":{"line":12,"column":61},"end":{"line":12,"column":64}}],"line":12},"3":{"loc":{"start":{"line":13,"column":41},"end":{"line":13,"column":65}},"type":"binary-expr","locations":[{"start":{"line":13,"column":41},"end":{"line":13,"column":57}},{"start":{"line":13,"column":61},"end":{"line":13,"column":65}}],"line":13},"4":{"loc":{"start":{"line":35,"column":16},"end":{"line":40,"column":17}},"type":"if","locations":[{"start":{"line":35,"column":16},"end":{"line":40,"column":17}},{"start":{},"end":{}}],"line":35},"5":{"loc":{"start":{"line":57,"column":8},"end":{"line":59,"column":9}},"type":"if","locations":[{"start":{"line":57,"column":8},"end":{"line":59,"column":9}},{"start":{},"end":{}}],"line":57},"6":{"loc":{"start":{"line":68,"column":8},"end":{"line":76,"column":9}},"type":"if","locations":[{"start":{"line":68,"column":8},"end":{"line":76,"column":9}},{"start":{"line":73,"column":15},"end":{"line":76,"column":9}}],"line":68},"7":{"loc":{"start":{"line":81,"column":8},"end":{"line":88,"column":9}},"type":"if","locations":[{"start":{"line":81,"column":8},"end":{"line":88,"column":9}},{"start":{"line":84,"column":15},"end":{"line":88,"column":9}}],"line":81},"8":{"loc":{"start":{"line":81,"column":12},"end":{"line":81,"column":51}},"type":"binary-expr","locations":[{"start":{"line":81,"column":12},"end":{"line":81,"column":16}},{"start":{"line":81,"column":20},"end":{"line":81,"column":51}}],"line":81},"9":{"loc":{"start":{"line":91,"column":4},"end":{"line":93,"column":5}},"type":"if","locations":[{"start":{"line":91,"column":4},"end":{"line":93,"column":5}},{"start":{},"end":{}}],"line":91},"10":{"loc":{"start":{"line":99,"column":21},"end":{"line":167,"column":21}},"type":"cond-expr","locations":[{"start":{"line":100,"column":24},"end":{"line":142,"column":31}},{"start":{"line":144,"column":24},"end":{"line":166,"column":30}}],"line":99}},"s":{"0":1,"1":2,"2":1,"3":1,"4":1,"5":1,"6":1,"7":1,"8":1,"9":1,"10":1,"11":1,"12":1,"13":1,"14":1,"15":1,"16":1,"17":1,"18":1,"19":1,"20":1,"21":1,"22":1,"23":1,"24":1,"25":1,"26":1,"27":0,"28":0,"29":1,"30":1,"31":0,"32":0,"33":0,"34":0,"35":0,"36":0,"37":0,"38":0,"39":0,"40":0,"41":0,"42":0,"43":0,"44":0,"45":0,"46":1,"47":0,"48":0,"49":0,"50":0,"51":0,"52":0,"53":0,"54":1,"55":1,"56":0,"57":0,"58":0,"59":0,"60":0,"61":0},"f":{"0":2,"1":1,"2":1,"3":0,"4":0,"5":0,"6":0,"7":0,"8":0,"9":0,"10":0},"b":{"0":[1,1],"1":[1,1],"2":[1,1],"3":[1,1],"4":[1,0],"5":[0,0],"6":[0,0],"7":[0,0],"8":[0,0],"9":[1,0],"10":[0,0]},"_coverageSchema":"1a1c01bbd47fc00a2c39e90264f33305004495a9","hash":"180140d7985103d8e1d6f648ca1d436241f537f7"}
}
