TN:
SF:src\components\auth\Login.jsx
FN:6,(anonymous_0)
FN:14,(anonymous_1)
FN:63,(anonymous_2)
FN:74,(anonymous_3)
FN:89,(anonymous_4)
FN:99,(anonymous_5)
FN:109,(anonymous_6)
FNF:7
FNH:4
FNDA:11,(anonymous_0)
FNDA:2,(anonymous_1)
FNDA:2,(anonymous_2)
FNDA:2,(anonymous_3)
FNDA:0,(anonymous_4)
FNDA:0,(anonymous_5)
FNDA:0,(anonymous_6)
DA:6,1
DA:7,11
DA:8,11
DA:9,11
DA:10,11
DA:11,11
DA:12,11
DA:14,11
DA:15,2
DA:16,2
DA:18,2
DA:19,2
DA:20,2
DA:26,2
DA:27,1
DA:28,1
DA:29,1
DA:33,1
DA:34,1
DA:36,1
DA:37,1
DA:40,1
DA:41,0
DA:43,1
DA:46,0
DA:50,11
DA:63,2
DA:74,2
DA:89,0
DA:99,0
DA:109,0
LF:31
LH:26
BRDA:26,0,0,1
BRDA:26,0,1,1
BRDA:28,1,0,1
BRDA:28,1,1,0
BRDA:40,2,0,0
BRDA:40,2,1,1
BRDA:55,3,0,11
BRDA:55,3,1,1
BRF:8
BRH:6
end_of_record
TN:
SF:src\components\auth\Register.jsx
FN:5,(anonymous_0)
FN:13,(anonymous_1)
FN:53,(anonymous_2)
FN:64,(anonymous_3)
FN:79,(anonymous_4)
FN:89,(anonymous_5)
FNF:6
FNH:4
FNDA:6,(anonymous_0)
FNDA:1,(anonymous_1)
FNDA:1,(anonymous_2)
FNDA:1,(anonymous_3)
FNDA:0,(anonymous_4)
FNDA:0,(anonymous_5)
DA:5,1
DA:6,6
DA:7,6
DA:8,6
DA:9,6
DA:10,6
DA:11,6
DA:13,6
DA:14,1
DA:15,1
DA:16,1
DA:18,1
DA:19,1
DA:25,1
DA:27,1
DA:28,0
DA:29,0
DA:31,1
DA:34,0
DA:35,0
DA:39,6
DA:53,1
DA:64,1
DA:79,0
DA:89,0
LF:25
LH:19
BRDA:27,0,0,0
BRDA:27,0,1,1
BRDA:44,1,0,6
BRDA:44,1,1,1
BRDA:45,2,0,6
BRDA:45,2,1,0
BRF:6
BRH:4
end_of_record
TN:
SF:src\components\context\auth.jsx
FN:7,(anonymous_0)
FN:8,(anonymous_1)
FN:12,(anonymous_2)
FN:17,(anonymous_3)
FN:25,(anonymous_4)
FN:41,(anonymous_5)
FNF:6
FNH:4
FNDA:0,(anonymous_0)
FNDA:0,(anonymous_1)
FNDA:6,(anonymous_2)
FNDA:6,(anonymous_3)
FNDA:6,(anonymous_4)
FNDA:11,(anonymous_5)
DA:4,4
DA:12,4
DA:13,6
DA:14,6
DA:17,6
DA:18,6
DA:19,1
DA:21,5
DA:25,6
DA:26,6
DA:27,1
DA:29,5
DA:33,6
DA:41,4
DA:42,11
LF:15
LH:15
BRDA:18,0,0,1
BRDA:18,0,1,5
BRDA:26,1,0,1
BRDA:26,1,1,5
BRF:4
BRH:4
end_of_record
TN:
SF:src\components\hooks\useGetJobs.jsx
FN:5,(anonymous_0)
FN:17,(anonymous_1)
FN:20,(anonymous_2)
FNF:3
FNH:0
FNDA:0,(anonymous_0)
FNDA:0,(anonymous_1)
FNDA:0,(anonymous_2)
DA:5,1
DA:6,0
DA:11,0
DA:12,0
DA:14,0
DA:17,1
DA:18,0
DA:20,0
LF:8
LH:2
BRDA:11,0,0,0
BRDA:11,0,1,0
BRF:2
BRH:0
end_of_record
TN:
SF:src\components\jobList\Card.jsx
FN:8,(anonymous_0)
FN:38,(anonymous_1)
FNF:2
FNH:2
FNDA:4,(anonymous_0)
FNDA:1,(anonymous_1)
DA:8,1
DA:9,4
DA:11,4
DA:38,1
LF:4
LH:4
BRF:0
BRH:0
end_of_record
TN:
SF:src\components\jobList\JobList.jsx
FN:8,(anonymous_0)
FN:41,(anonymous_1)
FNF:2
FNH:2
FNDA:2,(anonymous_0)
FNDA:4,(anonymous_1)
DA:8,1
DA:9,2
DA:10,2
DA:12,2
DA:13,0
DA:20,2
DA:21,0
DA:24,2
DA:42,4
LF:9
LH:7
BRDA:12,0,0,0
BRDA:12,0,1,2
BRDA:20,1,0,0
BRDA:20,1,1,2
BRF:4
BRH:2
end_of_record
TN:
SF:src\components\pages\Profile.jsx
FN:6,(anonymous_0)
FN:20,(anonymous_1)
FN:21,fetchData
FN:50,(anonymous_3)
FN:70,(anonymous_4)
FN:79,(anonymous_5)
FN:107,(anonymous_6)
FN:116,(anonymous_7)
FN:125,(anonymous_8)
FN:140,(anonymous_9)
FN:163,(anonymous_10)
FNF:11
FNH:3
FNDA:2,(anonymous_0)
FNDA:1,(anonymous_1)
FNDA:1,fetchData
FNDA:0,(anonymous_3)
FNDA:0,(anonymous_4)
FNDA:0,(anonymous_5)
FNDA:0,(anonymous_6)
FNDA:0,(anonymous_7)
FNDA:0,(anonymous_8)
FNDA:0,(anonymous_9)
FNDA:0,(anonymous_10)
DA:6,1
DA:7,2
DA:8,1
DA:9,1
DA:10,1
DA:11,1
DA:12,1
DA:13,1
DA:14,1
DA:15,1
DA:16,1
DA:17,1
DA:18,1
DA:20,1
DA:22,1
DA:23,1
DA:28,1
DA:30,1
DA:31,1
DA:33,1
DA:34,1
DA:35,1
DA:36,1
DA:37,1
DA:38,1
DA:39,1
DA:41,1
DA:43,0
DA:44,0
DA:47,1
DA:50,1
DA:51,0
DA:52,0
DA:53,0
DA:54,0
DA:55,0
DA:56,0
DA:57,0
DA:58,0
DA:61,0
DA:68,0
DA:69,0
DA:70,0
DA:71,0
DA:74,0
DA:75,0
DA:79,1
DA:80,0
DA:81,0
DA:82,0
DA:83,0
DA:85,0
DA:86,0
DA:87,0
DA:91,1
DA:92,1
DA:95,0
DA:107,0
DA:116,0
DA:125,0
DA:140,0
DA:163,0
LF:62
LH:32
BRDA:10,0,0,1
BRDA:10,0,1,1
BRDA:11,1,0,1
BRDA:11,1,1,1
BRDA:12,2,0,1
BRDA:12,2,1,1
BRDA:13,3,0,1
BRDA:13,3,1,1
BRDA:35,4,0,1
BRDA:35,4,1,0
BRDA:57,5,0,0
BRDA:57,5,1,0
BRDA:68,6,0,0
BRDA:68,6,1,0
BRDA:81,7,0,0
BRDA:81,7,1,0
BRDA:81,8,0,0
BRDA:81,8,1,0
BRDA:91,9,0,1
BRDA:91,9,1,0
BRDA:99,10,0,0
BRDA:99,10,1,0
BRF:22
BRH:10
end_of_record
